[22:39:36] [Server thread/INFO]: Starting minecraft server version 1.8.8
[22:39:36] [Server thread/INFO]: Loading properties
[22:39:36] [Server thread/INFO]: Default game type: ADVENTURE
[22:39:37] [Server thread/INFO]: This server is running CraftBukkit version git-Spigot-db6de12-18fbb24 (MC: 1.8.8) (Implementing API version 1.8.8-R0.1-SNAPSHOT)
[22:39:37] [Server thread/INFO]: Debug logging is disabled
[22:39:37] [Server thread/INFO]: Server Ping Player Sample Count: 12
[22:39:37] [Server thread/INFO]: Using 4 threads for Netty based IO
[22:39:37] [Server thread/INFO]: Generating keypair
[22:39:37] [Server thread/INFO]: Starting Minecraft server on *:30000
[22:39:37] [Server thread/INFO]: Using default channel type
[22:39:37] [Server thread/INFO]: Set PluginClassLoader as parallel capable
[22:39:37] [Server thread/INFO]: [Mitsu] Loading Mitsu v1.0.0-a1.0
[22:39:37] [Server thread/INFO]: [ViaVersion] Loading ViaVersion v1.3.0
[22:39:37] [Server thread/INFO]: [ViaVersion] ViaVersion 1.3.0 is now loaded, injecting!
[22:39:37] [Server thread/INFO]: [MaxPermissions] Loading MaxPermissions v1.0.0-a1
[22:39:37] [Server thread/WARN]: **** SERVER IS RUNNING IN OFFLINE/INSECURE MODE!
[22:39:37] [Server thread/WARN]: The server will make no attempt to authenticate usernames. Beware.
[22:39:37] [Server thread/WARN]: Whilst this makes it possible to use BungeeCord, unless access to your server is properly restricted, it also opens up the ability for hackers to connect with any username they choose.
[22:39:37] [Server thread/WARN]: Please see http://www.spigotmc.org/wiki/firewall-guide/ for further information.
[22:39:37] [Server thread/WARN]: To change this, set "online-mode" to "true" in the server.properties file.
[22:39:37] [Server thread/INFO]: **** Beginning UUID conversion, this may take A LONG time ****
[22:39:37] [Server thread/INFO]: Preparing level "world"
[22:39:37] [Server thread/INFO]: -------- World Settings For [world] --------
[22:39:37] [Server thread/INFO]: Item Merge Radius: 2.5
[22:39:37] [Server thread/INFO]: Item Despawn Rate: 6000
[22:39:37] [Server thread/INFO]: Arrow Despawn Rate: 1200
[22:39:37] [Server thread/INFO]: Allow Zombie Pigmen to spawn from portal blocks: true
[22:39:37] [Server thread/INFO]: View Distance: 10
[22:39:37] [Server thread/INFO]: Zombie Aggressive Towards Villager: true
[22:39:37] [Server thread/INFO]: Experience Merge Radius: 3.0
[22:39:37] [Server thread/INFO]: Chunks to Grow per Tick: 650
[22:39:37] [Server thread/INFO]: Clear tick list: false
[22:39:37] [Server thread/INFO]: Max Entity Collisions: 8
[22:39:37] [Server thread/INFO]: Custom Map Seeds:  Village: 10387312 Feature: 14357617
[22:39:37] [Server thread/INFO]: Nerfing mobs spawned from spawners: false
[22:39:37] [Server thread/INFO]: Random Lighting Updates: false
[22:39:37] [Server thread/INFO]: Entity Activation Range: An 32 / Mo 32 / Mi 16
[22:39:37] [Server thread/INFO]: Entity Tracking Range: Pl 48 / An 48 / Mo 48 / Mi 32 / Other 64
[22:39:37] [Server thread/INFO]: Cactus Growth Modifier: 100%
[22:39:37] [Server thread/INFO]: Cane Growth Modifier: 100%
[22:39:37] [Server thread/INFO]: Melon Growth Modifier: 100%
[22:39:37] [Server thread/INFO]: Mushroom Growth Modifier: 100%
[22:39:37] [Server thread/INFO]: Pumpkin Growth Modifier: 100%
[22:39:37] [Server thread/INFO]: Sapling Growth Modifier: 100%
[22:39:37] [Server thread/INFO]: Wheat Growth Modifier: 100%
[22:39:37] [Server thread/INFO]: NetherWart Growth Modifier: 100%
[22:39:37] [Server thread/INFO]: Mob Spawn Range: 4
[22:39:37] [Server thread/INFO]: Structure Info Saving: true
[22:39:37] [Server thread/INFO]: Max TNT Explosions: 100
[22:39:37] [Server thread/INFO]: Sending up to 10 chunks per packet
[22:39:37] [Server thread/INFO]: Tile Max Tick Time: 50ms Entity max Tick Time: 50ms
[22:39:37] [Server thread/INFO]: Hopper Transfer: 8 Hopper Check: 8 Hopper Amount: 1
[22:39:37] [Server thread/INFO]: Anti X-Ray: true
[22:39:37] [Server thread/INFO]: 	Engine Mode: 1
[22:39:37] [Server thread/INFO]: 	Hidden Blocks: [14, 15, 16, 21, 48, 49, 54, 56, 73, 74, 82, 129, 130]
[22:39:37] [Server thread/INFO]: 	Replace Blocks: [1, 5]
[22:39:38] [Server thread/INFO]: Preparing start region for level 0 (Seed: 2343324248096009352)
[22:39:39] [Server thread/INFO]: Preparing spawn area: 49%
[22:39:39] [Server thread/INFO]: [Mitsu] Enabling Mitsu v1.0.0-a1.0
[22:39:40] [Server thread/INFO]: [ViaVersion] Enabling ViaVersion v1.3.0
[22:39:40] [Server thread/INFO]: [MaxPermissions] Enabling MaxPermissions v1.0.0-a1
[22:39:40] [Server thread/INFO]: Server permissions file permissions.yml is empty, ignoring it
[22:39:40] [Server thread/INFO]: Done (2,425s)! For help, type "help" or "?"
[22:39:40] [Server thread/INFO]: [ViaVersion] ViaVersion detected server version: 1.8.x(47)
[22:42:30] [Server thread/WARN]: com.mysql.jdbc.exceptions.jdbc4.MySQLNonTransientConnectionException: Arrêt du serveur en cours
[22:42:30] [Server thread/WARN]: 	at sun.reflect.NativeConstructorAccessorImpl.newInstance0(Native Method)
[22:42:30] [Server thread/WARN]: 	at sun.reflect.NativeConstructorAccessorImpl.newInstance(Unknown Source)
[22:42:30] [Server thread/WARN]: 	at sun.reflect.DelegatingConstructorAccessorImpl.newInstance(Unknown Source)
[22:42:30] [Server thread/WARN]: 	at java.lang.reflect.Constructor.newInstance(Unknown Source)
[22:42:30] [Server thread/WARN]: 	at com.mysql.jdbc.Util.handleNewInstance(Util.java:407)
[22:42:30] [Server thread/WARN]: 	at com.mysql.jdbc.Util.getInstance(Util.java:382)
[22:42:30] [Server thread/WARN]: 	at com.mysql.jdbc.SQLError.createSQLException(SQLError.java:1013)
[22:42:30] [Server thread/WARN]: 	at com.mysql.jdbc.MysqlIO.checkErrorPacket(MysqlIO.java:3593)
[22:42:30] [Server thread/WARN]: 	at com.mysql.jdbc.MysqlIO.checkErrorPacket(MysqlIO.java:3525)
[22:42:30] [Server thread/WARN]: 	at com.mysql.jdbc.MysqlIO.sendCommand(MysqlIO.java:1986)
[22:42:30] [Server thread/WARN]: 	at com.mysql.jdbc.MysqlIO.sqlQueryDirect(MysqlIO.java:2140)
[22:42:30] [Server thread/WARN]: 	at com.mysql.jdbc.ConnectionImpl.execSQL(ConnectionImpl.java:2620)
[22:42:30] [Server thread/WARN]: 	at com.mysql.jdbc.ConnectionImpl.execSQL(ConnectionImpl.java:2570)
[22:42:30] [Server thread/WARN]: 	at com.mysql.jdbc.StatementImpl.executeQuery(StatementImpl.java:1474)
[22:42:30] [Server thread/WARN]: 	at fr.Maxime3399.Mitsu.utils.DataUtils.getServerConnect(DataUtils.java:111)
[22:42:30] [Server thread/WARN]: 	at fr.Maxime3399.Mitsu.schedulers.ConnectScheduler$1.run(ConnectScheduler.java:23)
[22:42:30] [Server thread/WARN]: 	at org.bukkit.craftbukkit.v1_8_R3.scheduler.CraftTask.run(CraftTask.java:71)
[22:42:30] [Server thread/WARN]: 	at org.bukkit.craftbukkit.v1_8_R3.scheduler.CraftScheduler.mainThreadHeartbeat(CraftScheduler.java:350)
[22:42:30] [Server thread/WARN]: 	at net.minecraft.server.v1_8_R3.MinecraftServer.B(MinecraftServer.java:723)
[22:42:30] [Server thread/WARN]: 	at net.minecraft.server.v1_8_R3.DedicatedServer.B(DedicatedServer.java:374)
[22:42:30] [Server thread/WARN]: 	at net.minecraft.server.v1_8_R3.MinecraftServer.A(MinecraftServer.java:654)
[22:42:30] [Server thread/WARN]: 	at net.minecraft.server.v1_8_R3.MinecraftServer.run(MinecraftServer.java:557)
[22:42:30] [Server thread/WARN]: 	at java.lang.Thread.run(Unknown Source)
[22:42:35] [Server thread/WARN]: com.mysql.jdbc.exceptions.jdbc4.MySQLNonTransientConnectionException: No operations allowed after statement closed.
[22:42:35] [Server thread/WARN]: 	at sun.reflect.NativeConstructorAccessorImpl.newInstance0(Native Method)
[22:42:35] [Server thread/WARN]: 	at sun.reflect.NativeConstructorAccessorImpl.newInstance(Unknown Source)
[22:42:35] [Server thread/WARN]: 	at sun.reflect.DelegatingConstructorAccessorImpl.newInstance(Unknown Source)
[22:42:35] [Server thread/WARN]: 	at java.lang.reflect.Constructor.newInstance(Unknown Source)
[22:42:35] [Server thread/WARN]: 	at com.mysql.jdbc.Util.handleNewInstance(Util.java:407)
[22:42:35] [Server thread/WARN]: 	at com.mysql.jdbc.Util.getInstance(Util.java:382)
[22:42:35] [Server thread/WARN]: 	at com.mysql.jdbc.SQLError.createSQLException(SQLError.java:1013)
[22:42:35] [Server thread/WARN]: 	at com.mysql.jdbc.SQLError.createSQLException(SQLError.java:987)
[22:42:35] [Server thread/WARN]: 	at com.mysql.jdbc.SQLError.createSQLException(SQLError.java:982)
[22:42:35] [Server thread/WARN]: 	at com.mysql.jdbc.SQLError.createSQLException(SQLError.java:927)
[22:42:35] [Server thread/WARN]: 	at com.mysql.jdbc.StatementImpl.checkClosed(StatementImpl.java:402)
[22:42:35] [Server thread/WARN]: 	at com.mysql.jdbc.StatementImpl.executeQuery(StatementImpl.java:1339)
[22:42:35] [Server thread/WARN]: 	at fr.Maxime3399.Mitsu.utils.DataUtils.getServerConnect(DataUtils.java:111)
[22:42:35] [Server thread/WARN]: 	at fr.Maxime3399.Mitsu.schedulers.ConnectScheduler$1.run(ConnectScheduler.java:23)
[22:42:35] [Server thread/WARN]: 	at org.bukkit.craftbukkit.v1_8_R3.scheduler.CraftTask.run(CraftTask.java:71)
[22:42:35] [Server thread/WARN]: 	at org.bukkit.craftbukkit.v1_8_R3.scheduler.CraftScheduler.mainThreadHeartbeat(CraftScheduler.java:350)
[22:42:35] [Server thread/WARN]: 	at net.minecraft.server.v1_8_R3.MinecraftServer.B(MinecraftServer.java:723)
[22:42:35] [Server thread/WARN]: 	at net.minecraft.server.v1_8_R3.DedicatedServer.B(DedicatedServer.java:374)
[22:42:35] [Server thread/WARN]: 	at net.minecraft.server.v1_8_R3.MinecraftServer.A(MinecraftServer.java:654)
[22:42:35] [Server thread/WARN]: 	at net.minecraft.server.v1_8_R3.MinecraftServer.run(MinecraftServer.java:557)
[22:42:35] [Server thread/WARN]: 	at java.lang.Thread.run(Unknown Source)
