[12:11:31] [Server thread/INFO]: Starting minecraft server version 1.8.8
[12:11:31] [Server thread/INFO]: Loading properties
[12:11:31] [Server thread/INFO]: Default game type: ADVENTURE
[12:11:31] [Server thread/INFO]: This server is running CraftBukkit version git-Spigot-db6de12-18fbb24 (MC: 1.8.8) (Implementing API version 1.8.8-R0.1-SNAPSHOT)
[12:11:31] [Server thread/INFO]: Debug logging is disabled
[12:11:31] [Server thread/INFO]: Server Ping Player Sample Count: 12
[12:11:31] [Server thread/INFO]: Using 4 threads for Netty based IO
[12:11:31] [Server thread/INFO]: Generating keypair
[12:11:31] [Server thread/INFO]: Starting Minecraft server on *:30000
[12:11:31] [Server thread/INFO]: Using default channel type
[12:11:31] [Server thread/INFO]: Set PluginClassLoader as parallel capable
[12:11:32] [Server thread/ERROR]: ebean.properties not found
[12:11:32] [Server thread/INFO]: Unable to check jar file spigot-1.8.8.jar for ebean-orm.xml
[12:11:32] [Server thread/INFO]: Unable to check jar file spigot-1.8.8.jar for ebean-orm.xml
[12:11:32] [Server thread/WARN]: No Entities found in ClassPath using ClassPathReader [com.avaje.ebeaninternal.server.util.DefaultClassPathReader@ea6dc35] Classpath Searched[[file:/C:/Users/Maxime/Desktop/D%c3%a9veloppement/Minecraft/Projets/MaxMinigames/servers/Srv1/quakecraft/spigot-1.8.8.jar]]
[12:11:32] [Server thread/INFO]: Classpath search hits in jars[] pkgs[]  searchTime[1]
[12:11:32] [Server thread/INFO]: DataSourcePool [MaxQuake] autoCommit[false] transIsolation[SERIALIZABLE] min[2] max[20]
[12:11:32] [Server thread/INFO]: SubClassFactory parent ClassLoader [org.bukkit.plugin.java.PluginClassLoader]
[12:11:32] [Server thread/INFO]: Entities enhanced[0] subclassed[0]
[12:11:32] [Server thread/INFO]: [Mitsu] Loading Mitsu v1.0.0-a1.0
[12:11:32] [Server thread/INFO]: [ViaVersion] Loading ViaVersion v1.3.0
[12:11:32] [Server thread/INFO]: [ViaVersion] ViaVersion 1.3.0 is now loaded, injecting!
[12:11:32] [Server thread/INFO]: [MaxQuake] Loading MaxQuake v1.0.0-a1.0
[12:11:32] [Server thread/INFO]: [MaxPermissions] Loading MaxPermissions v1.0.0-a1
[12:11:32] [Server thread/INFO]: [ProtocolLib] Loading ProtocolLib v4.3.0
[12:11:32] [Server thread/INFO]: [ProtocolLib] Enabling ProtocolLib v4.3.0
[12:11:32] [Server thread/INFO]: [ProtocolLib] Started structure compiler thread.
[12:11:32] [Server thread/WARN]: **** SERVER IS RUNNING IN OFFLINE/INSECURE MODE!
[12:11:32] [Server thread/WARN]: The server will make no attempt to authenticate usernames. Beware.
[12:11:32] [Server thread/WARN]: Whilst this makes it possible to use BungeeCord, unless access to your server is properly restricted, it also opens up the ability for hackers to connect with any username they choose.
[12:11:32] [Server thread/WARN]: Please see http://www.spigotmc.org/wiki/firewall-guide/ for further information.
[12:11:32] [Server thread/WARN]: To change this, set "online-mode" to "true" in the server.properties file.
[12:11:32] [Server thread/INFO]: **** Beginning UUID conversion, this may take A LONG time ****
[12:11:32] [Server thread/INFO]: Preparing level "world"
[12:11:32] [Server thread/INFO]: -------- World Settings For [world] --------
[12:11:32] [Server thread/INFO]: Allow Zombie Pigmen to spawn from portal blocks: true
[12:11:32] [Server thread/INFO]: Item Merge Radius: 2.5
[12:11:32] [Server thread/INFO]: Item Despawn Rate: 6000
[12:11:32] [Server thread/INFO]: Chunks to Grow per Tick: 650
[12:11:32] [Server thread/INFO]: Clear tick list: false
[12:11:32] [Server thread/INFO]: View Distance: 10
[12:11:32] [Server thread/INFO]: Arrow Despawn Rate: 1200
[12:11:32] [Server thread/INFO]: Experience Merge Radius: 3.0
[12:11:32] [Server thread/INFO]: Zombie Aggressive Towards Villager: true
[12:11:32] [Server thread/INFO]: Mob Spawn Range: 4
[12:11:32] [Server thread/INFO]: Cactus Growth Modifier: 100%
[12:11:32] [Server thread/INFO]: Cane Growth Modifier: 100%
[12:11:32] [Server thread/INFO]: Melon Growth Modifier: 100%
[12:11:32] [Server thread/INFO]: Mushroom Growth Modifier: 100%
[12:11:32] [Server thread/INFO]: Pumpkin Growth Modifier: 100%
[12:11:32] [Server thread/INFO]: Sapling Growth Modifier: 100%
[12:11:32] [Server thread/INFO]: Wheat Growth Modifier: 100%
[12:11:32] [Server thread/INFO]: NetherWart Growth Modifier: 100%
[12:11:32] [Server thread/INFO]: Nerfing mobs spawned from spawners: false
[12:11:32] [Server thread/INFO]: Random Lighting Updates: false
[12:11:32] [Server thread/INFO]: Sending up to 10 chunks per packet
[12:11:32] [Server thread/INFO]: Entity Tracking Range: Pl 48 / An 48 / Mo 48 / Mi 32 / Other 64
[12:11:32] [Server thread/INFO]: Entity Activation Range: An 32 / Mo 32 / Mi 16
[12:11:32] [Server thread/INFO]: Hopper Transfer: 8 Hopper Check: 8 Hopper Amount: 1
[12:11:32] [Server thread/INFO]: Structure Info Saving: true
[12:11:32] [Server thread/INFO]: Tile Max Tick Time: 50ms Entity max Tick Time: 50ms
[12:11:32] [Server thread/INFO]: Max TNT Explosions: 100
[12:11:32] [Server thread/INFO]: Anti X-Ray: true
[12:11:32] [Server thread/INFO]: 	Engine Mode: 1
[12:11:32] [Server thread/INFO]: 	Hidden Blocks: [14, 15, 16, 21, 48, 49, 54, 56, 73, 74, 82, 129, 130]
[12:11:32] [Server thread/INFO]: 	Replace Blocks: [1, 5]
[12:11:32] [Server thread/INFO]: Custom Map Seeds:  Village: 10387312 Feature: 14357617
[12:11:32] [Server thread/INFO]: Max Entity Collisions: 8
[12:11:32] [Server thread/INFO]: Preparing start region for level 0 (Seed: 0)
[12:11:33] [Server thread/INFO]: [Mitsu] Enabling Mitsu v1.0.0-a1.0
[12:11:33] [Server thread/INFO]: [ViaVersion] Enabling ViaVersion v1.3.0
[12:11:33] [Server thread/INFO]: [MaxQuake] Enabling MaxQuake v1.0.0-a1.0
[12:11:33] [Server thread/INFO]: [MaxPermissions] Enabling MaxPermissions v1.0.0-a1
[12:11:33] [Server thread/INFO]: Server permissions file permissions.yml is empty, ignoring it
[12:11:33] [Server thread/INFO]: Done (0,777s)! For help, type "help" or "?"
[12:11:33] [Server thread/INFO]: [ViaVersion] ViaVersion detected server version: 1.8.x(47)
[12:11:35] [Server thread/INFO]: Plugins (5): [0;32;1mMitsu[0;37;1m, [0;32;1mViaVersion[0;37;1m, [0;32;1mMaxQuake[0;37;1m, [0;32;1mMaxPermissions[0;37;1m, [0;32;1mProtocolLib[m
[12:12:07] [Thread-12/INFO]: UUID of player Maxime3399 is b2297497-20f5-4f46-88be-a27d445fb5f0
[12:12:07] [Server thread/INFO]: Maxime3399[/127.0.0.1:63574] logged in with entity id 0 at ([world]-2207.5, 27.0, 878.5)
[12:12:07] [Server thread/INFO]: Maxime3399 [m[0;33;1ma rejoint la partie [[21m[m[0;33;1m1[0;33;1m[21m/[m[0;33;1m12][m
[12:13:03] [Thread-13/INFO]: UUID of player Cubenderz is 044a81f4-2ff0-4a9c-b4a1-dce80d4c25dd
[12:13:03] [Server thread/INFO]: Cubenderz[/127.0.0.1:63680] logged in with entity id 1 at ([world]-2207.5, 27.0, 878.5)
[12:13:04] [Server thread/INFO]: Cubenderz [m[0;33;1ma rejoint la partie [[21m[m[0;33;1m2[0;33;1m[21m/[m[0;33;1m12][m
[12:13:05] [Server thread/INFO]: [0;33;1mDébut de la partie dans 30 secondes[m
[12:13:25] [Server thread/INFO]: [0;33;1mDébut de la partie dans 10 secondes[m
[12:13:30] [Server thread/INFO]: [0;33;1mDébut de la partie dans 5 secondes[m
[12:13:31] [Server thread/INFO]: [0;33;1mDébut de la partie dans 4 secondes[m
[12:13:32] [Server thread/INFO]: [0;33;1mDébut de la partie dans 3 secondes[m
[12:13:33] [Server thread/INFO]: [0;33;1mDébut de la partie dans 2 secondes[m
[12:13:34] [Server thread/INFO]: [0;33;1mDébut de la partie dans 1 secondes[m
[12:13:35] [Server thread/INFO]: [0;32;1mDébut de la partie, [21mbonne chance[m [0;32;1m![m
[12:13:52] [Server thread/INFO]: Maxime3399 [0;33;1ma tué Cubenderz[m [m
[12:15:24] [Server thread/INFO]: Maxime3399 lost connection: Disconnected
[12:15:24] [Server thread/INFO]: [0;31;1mTous les joueurs ont quittés la partie ![m
[12:15:24] [Server thread/INFO]: Maxime3399 a quitté la partie !
[12:15:27] [Server thread/INFO]: Cubenderz lost connection: Disconnected
[12:15:34] [Server thread/INFO]: Debug logging is disabled
[12:15:34] [Server thread/INFO]: Server Ping Player Sample Count: 12
[12:15:34] [Server thread/INFO]: Using 4 threads for Netty based IO
[12:15:34] [Server thread/INFO]: -------- World Settings For [world] --------
[12:15:34] [Server thread/INFO]: Allow Zombie Pigmen to spawn from portal blocks: true
[12:15:34] [Server thread/INFO]: Item Merge Radius: 2.5
[12:15:34] [Server thread/INFO]: Item Despawn Rate: 6000
[12:15:34] [Server thread/INFO]: Chunks to Grow per Tick: 650
[12:15:34] [Server thread/INFO]: Clear tick list: false
[12:15:34] [Server thread/INFO]: View Distance: 10
[12:15:34] [Server thread/INFO]: Arrow Despawn Rate: 1200
[12:15:34] [Server thread/INFO]: Experience Merge Radius: 3.0
[12:15:34] [Server thread/INFO]: Zombie Aggressive Towards Villager: true
[12:15:34] [Server thread/INFO]: Mob Spawn Range: 4
[12:15:34] [Server thread/INFO]: Cactus Growth Modifier: 100%
[12:15:34] [Server thread/INFO]: Cane Growth Modifier: 100%
[12:15:34] [Server thread/INFO]: Melon Growth Modifier: 100%
[12:15:34] [Server thread/INFO]: Mushroom Growth Modifier: 100%
[12:15:34] [Server thread/INFO]: Pumpkin Growth Modifier: 100%
[12:15:34] [Server thread/INFO]: Sapling Growth Modifier: 100%
[12:15:34] [Server thread/INFO]: Wheat Growth Modifier: 100%
[12:15:34] [Server thread/INFO]: NetherWart Growth Modifier: 100%
[12:15:34] [Server thread/INFO]: Nerfing mobs spawned from spawners: false
[12:15:34] [Server thread/INFO]: Random Lighting Updates: false
[12:15:34] [Server thread/INFO]: Sending up to 10 chunks per packet
[12:15:34] [Server thread/INFO]: Entity Tracking Range: Pl 48 / An 48 / Mo 48 / Mi 32 / Other 64
[12:15:34] [Server thread/INFO]: Entity Activation Range: An 32 / Mo 32 / Mi 16
[12:15:34] [Server thread/INFO]: Hopper Transfer: 8 Hopper Check: 8 Hopper Amount: 1
[12:15:34] [Server thread/INFO]: Structure Info Saving: true
[12:15:34] [Server thread/INFO]: Tile Max Tick Time: 50ms Entity max Tick Time: 50ms
[12:15:34] [Server thread/INFO]: Max TNT Explosions: 100
[12:15:34] [Server thread/INFO]: Anti X-Ray: true
[12:15:34] [Server thread/INFO]: 	Engine Mode: 1
[12:15:34] [Server thread/INFO]: 	Hidden Blocks: [14, 15, 16, 21, 48, 49, 54, 56, 73, 74, 82, 129, 130]
[12:15:34] [Server thread/INFO]: 	Replace Blocks: [1, 5]
[12:15:34] [Server thread/INFO]: Custom Map Seeds:  Village: 10387312 Feature: 14357617
[12:15:34] [Server thread/INFO]: Max Entity Collisions: 8
[12:15:34] [Server thread/INFO]: [ProtocolLib] Disabling ProtocolLib v4.3.0
[12:15:34] [Server thread/INFO]: [MaxPermissions] Disabling MaxPermissions v1.0.0-a1
[12:15:34] [Server thread/INFO]: [MaxQuake] Disabling MaxQuake v1.0.0-a1.0
[12:15:34] [Server thread/INFO]: [ViaVersion] Disabling ViaVersion v1.3.0
[12:15:34] [Server thread/INFO]: [ViaVersion] ViaVersion is disabling, if this is a reload and you experience issues consider rebooting.
[12:15:34] [Server thread/INFO]: [Mitsu] Disabling Mitsu v1.0.0-a1.0
[12:15:34] [Server thread/INFO]: SubClassFactory parent ClassLoader [org.bukkit.plugin.java.PluginClassLoader]
[12:15:34] [Server thread/INFO]: Entities enhanced[0] subclassed[0]
[12:15:34] [Server thread/INFO]: [Mitsu] Loading Mitsu v1.0.0-a1.0
[12:15:34] [Server thread/INFO]: [ViaVersion] Loading ViaVersion v1.3.0
[12:15:34] [Server thread/INFO]: [ViaVersion] ViaVersion 1.3.0 is now loaded, injecting!
[12:15:34] [Server thread/ERROR]: [ViaVersion] ViaVersion is already loaded, we're going to kick all the players... because otherwise we'll crash because of ProtocolLib.
[12:15:35] [Server thread/INFO]: [MaxQuake] Loading MaxQuake v1.0.0-a1.0
[12:15:35] [Server thread/INFO]: [MaxPermissions] Loading MaxPermissions v1.0.0-a1
[12:15:35] [Server thread/INFO]: [ProtocolLib] Loading ProtocolLib v4.3.0
[12:15:35] [Server thread/INFO]: [ProtocolLib] Enabling ProtocolLib v4.3.0
[12:15:35] [Server thread/INFO]: [ProtocolLib] Started structure compiler thread.
[12:15:35] [Server thread/INFO]: [Mitsu] Enabling Mitsu v1.0.0-a1.0
[12:15:35] [Server thread/INFO]: [ViaVersion] Enabling ViaVersion v1.3.0
[12:15:35] [Server thread/INFO]: [MaxQuake] Enabling MaxQuake v1.0.0-a1.0
[12:15:35] [Server thread/INFO]: [MaxPermissions] Enabling MaxPermissions v1.0.0-a1
[12:15:35] [Server thread/INFO]: Server permissions file permissions.yml is empty, ignoring it
[12:15:35] [Server thread/INFO]: [ViaVersion] ViaVersion detected server version: 1.8.x(47)
[12:21:16] [Server thread/INFO]: Stopping the server
[12:21:16] [Server thread/INFO]: Stopping server
[12:21:16] [Server thread/INFO]: [ProtocolLib] Disabling ProtocolLib v4.3.0
[12:21:16] [Server thread/INFO]: [MaxPermissions] Disabling MaxPermissions v1.0.0-a1
[12:21:16] [Server thread/INFO]: [MaxQuake] Disabling MaxQuake v1.0.0-a1.0
[12:21:16] [Server thread/INFO]: [ViaVersion] Disabling ViaVersion v1.3.0
[12:21:16] [Server thread/INFO]: [ViaVersion] ViaVersion is disabling, if this is a reload and you experience issues consider rebooting.
[12:21:16] [Server thread/INFO]: [Mitsu] Disabling Mitsu v1.0.0-a1.0
[12:21:16] [Server thread/INFO]: Saving players
[12:21:17] [Server thread/INFO]: Saving worlds
[12:21:17] [Server thread/INFO]: Saving chunks for level 'world'/Overworld
