[18:25:59] [main/INFO]: Loaded 0 recipes
[18:25:59] [Server thread/INFO]: Starting minecraft server version 1.13.1
[18:25:59] [Server thread/INFO]: Loading properties
[18:25:59] [Server thread/INFO]: Default game type: SURVIVAL
[18:26:00] [Server thread/INFO]: This server is running CraftBukkit version git-Spigot-500ff5d-b6bf6aa (MC: 1.13.1) (Implementing API version 1.13.1-R0.1-SNAPSHOT)
[18:26:00] [Server thread/INFO]: Debug logging is disabled
[18:26:00] [Server thread/INFO]: Server Ping Player Sample Count: 12
[18:26:00] [Server thread/INFO]: Using 4 threads for Netty based IO
[18:26:00] [Server thread/INFO]: Generating keypair
[18:26:00] [Server thread/INFO]: Starting Minecraft server on *:25565
[18:26:00] [Server thread/INFO]: Using default channel type
[18:26:04] [Server thread/INFO]: Set PluginClassLoader as parallel capable
[18:26:04] [Server thread/INFO]: [M-Cube] Loading M-Cube v1.0.0-a1.0
[18:26:04] [Server thread/INFO]: **** Beginning UUID conversion, this may take A LONG time ****
[18:26:04] [Server thread/INFO]: Preparing level "world"
[18:26:04] [Server thread/INFO]: Reloading ResourceManager: Default, bukkit
[18:26:05] [Server thread/INFO]: Loaded 524 recipes
[18:26:06] [Server thread/INFO]: -------- World Settings For [world] --------
[18:26:06] [Server thread/INFO]: Experience Merge Radius: 3.0
[18:26:06] [Server thread/INFO]: Arrow Despawn Rate: 1200
[18:26:06] [Server thread/INFO]: View Distance: 10
[18:26:06] [Server thread/INFO]: Allow Zombie Pigmen to spawn from portal blocks: true
[18:26:06] [Server thread/INFO]: Item Despawn Rate: 6000
[18:26:06] [Server thread/INFO]: Item Merge Radius: 2.5
[18:26:06] [Server thread/INFO]: Mob Spawn Range: 4
[18:26:06] [Server thread/INFO]: Cactus Growth Modifier: 100%
[18:26:06] [Server thread/INFO]: Cane Growth Modifier: 100%
[18:26:06] [Server thread/INFO]: Melon Growth Modifier: 100%
[18:26:06] [Server thread/INFO]: Mushroom Growth Modifier: 100%
[18:26:06] [Server thread/INFO]: Pumpkin Growth Modifier: 100%
[18:26:06] [Server thread/INFO]: Sapling Growth Modifier: 100%
[18:26:06] [Server thread/INFO]: Wheat Growth Modifier: 100%
[18:26:06] [Server thread/INFO]: NetherWart Growth Modifier: 100%
[18:26:06] [Server thread/INFO]: Vine Growth Modifier: 100%
[18:26:06] [Server thread/INFO]: Cocoa Growth Modifier: 100%
[18:26:06] [Server thread/INFO]: Entity Activation Range: An 32 / Mo 32 / Mi 16 / Tiv true
[18:26:06] [Server thread/INFO]: Entity Tracking Range: Pl 48 / An 48 / Mo 48 / Mi 32 / Other 64
[18:26:06] [Server thread/INFO]: Random Lighting Updates: false
[18:26:06] [Server thread/INFO]: Tile Max Tick Time: 50ms Entity max Tick Time: 50ms
[18:26:06] [Server thread/INFO]: Max TNT Explosions: 100
[18:26:06] [Server thread/INFO]: Hopper Transfer: 8 Hopper Check: 1 Hopper Amount: 1
[18:26:06] [Server thread/INFO]: Custom Map Seeds:  Village: 10387312 Desert: 14357617 Igloo: 14357618 Jungle: 14357619 Swamp: 14357620 Monument: 10387313Ocean: 14357621 Shipwreck: 165745295 Slime: 987234911
[18:26:06] [Server thread/INFO]: Nerfing mobs spawned from spawners: false
[18:26:06] [Server thread/INFO]: Zombie Aggressive Towards Villager: true
[18:26:06] [Server thread/INFO]: -------- World Settings For [world_nether] --------
[18:26:06] [Server thread/INFO]: Experience Merge Radius: 3.0
[18:26:06] [Server thread/INFO]: Arrow Despawn Rate: 1200
[18:26:06] [Server thread/INFO]: View Distance: 10
[18:26:06] [Server thread/INFO]: Allow Zombie Pigmen to spawn from portal blocks: true
[18:26:06] [Server thread/INFO]: Item Despawn Rate: 6000
[18:26:06] [Server thread/INFO]: Item Merge Radius: 2.5
[18:26:06] [Server thread/INFO]: Mob Spawn Range: 4
[18:26:06] [Server thread/INFO]: Cactus Growth Modifier: 100%
[18:26:06] [Server thread/INFO]: Cane Growth Modifier: 100%
[18:26:06] [Server thread/INFO]: Melon Growth Modifier: 100%
[18:26:06] [Server thread/INFO]: Mushroom Growth Modifier: 100%
[18:26:06] [Server thread/INFO]: Pumpkin Growth Modifier: 100%
[18:26:06] [Server thread/INFO]: Sapling Growth Modifier: 100%
[18:26:06] [Server thread/INFO]: Wheat Growth Modifier: 100%
[18:26:06] [Server thread/INFO]: NetherWart Growth Modifier: 100%
[18:26:06] [Server thread/INFO]: Vine Growth Modifier: 100%
[18:26:06] [Server thread/INFO]: Cocoa Growth Modifier: 100%
[18:26:06] [Server thread/INFO]: Entity Activation Range: An 32 / Mo 32 / Mi 16 / Tiv true
[18:26:06] [Server thread/INFO]: Entity Tracking Range: Pl 48 / An 48 / Mo 48 / Mi 32 / Other 64
[18:26:06] [Server thread/INFO]: Random Lighting Updates: false
[18:26:06] [Server thread/INFO]: Tile Max Tick Time: 50ms Entity max Tick Time: 50ms
[18:26:06] [Server thread/INFO]: Max TNT Explosions: 100
[18:26:06] [Server thread/INFO]: Hopper Transfer: 8 Hopper Check: 1 Hopper Amount: 1
[18:26:06] [Server thread/INFO]: Custom Map Seeds:  Village: 10387312 Desert: 14357617 Igloo: 14357618 Jungle: 14357619 Swamp: 14357620 Monument: 10387313Ocean: 14357621 Shipwreck: 165745295 Slime: 987234911
[18:26:06] [Server thread/INFO]: Nerfing mobs spawned from spawners: false
[18:26:06] [Server thread/INFO]: Zombie Aggressive Towards Villager: true
[18:26:06] [Server thread/INFO]: -------- World Settings For [world_the_end] --------
[18:26:06] [Server thread/INFO]: Experience Merge Radius: 3.0
[18:26:06] [Server thread/INFO]: Arrow Despawn Rate: 1200
[18:26:06] [Server thread/INFO]: View Distance: 10
[18:26:06] [Server thread/INFO]: Allow Zombie Pigmen to spawn from portal blocks: true
[18:26:06] [Server thread/INFO]: Item Despawn Rate: 6000
[18:26:06] [Server thread/INFO]: Item Merge Radius: 2.5
[18:26:06] [Server thread/INFO]: Mob Spawn Range: 4
[18:26:06] [Server thread/INFO]: Cactus Growth Modifier: 100%
[18:26:06] [Server thread/INFO]: Cane Growth Modifier: 100%
[18:26:06] [Server thread/INFO]: Melon Growth Modifier: 100%
[18:26:06] [Server thread/INFO]: Mushroom Growth Modifier: 100%
[18:26:06] [Server thread/INFO]: Pumpkin Growth Modifier: 100%
[18:26:06] [Server thread/INFO]: Sapling Growth Modifier: 100%
[18:26:06] [Server thread/INFO]: Wheat Growth Modifier: 100%
[18:26:06] [Server thread/INFO]: NetherWart Growth Modifier: 100%
[18:26:06] [Server thread/INFO]: Vine Growth Modifier: 100%
[18:26:06] [Server thread/INFO]: Cocoa Growth Modifier: 100%
[18:26:06] [Server thread/INFO]: Entity Activation Range: An 32 / Mo 32 / Mi 16 / Tiv true
[18:26:06] [Server thread/INFO]: Entity Tracking Range: Pl 48 / An 48 / Mo 48 / Mi 32 / Other 64
[18:26:06] [Server thread/INFO]: Random Lighting Updates: false
[18:26:06] [Server thread/INFO]: Tile Max Tick Time: 50ms Entity max Tick Time: 50ms
[18:26:06] [Server thread/INFO]: Max TNT Explosions: 100
[18:26:06] [Server thread/INFO]: Hopper Transfer: 8 Hopper Check: 1 Hopper Amount: 1
[18:26:06] [Server thread/INFO]: Custom Map Seeds:  Village: 10387312 Desert: 14357617 Igloo: 14357618 Jungle: 14357619 Swamp: 14357620 Monument: 10387313Ocean: 14357621 Shipwreck: 165745295 Slime: 987234911
[18:26:06] [Server thread/INFO]: Nerfing mobs spawned from spawners: false
[18:26:06] [Server thread/INFO]: Zombie Aggressive Towards Villager: true
[18:26:06] [Server thread/INFO]: Preparing start region for level minecraft:the_end (Seed: 5848435679555029055)
[18:26:06] [Server thread/INFO]: Preparing spawn area: 4%
[18:26:06] [Server thread/INFO]: Preparing spawn area: 8%
[18:26:06] [Server thread/INFO]: Preparing spawn area: 12%
[18:26:06] [Server thread/INFO]: Preparing spawn area: 16%
[18:26:06] [Server thread/INFO]: Preparing spawn area: 20%
[18:26:06] [Server thread/INFO]: Preparing spawn area: 24%
[18:26:06] [Server thread/INFO]: Preparing spawn area: 28%
[18:26:06] [Server thread/INFO]: Preparing spawn area: 32%
[18:26:06] [Server thread/INFO]: Preparing spawn area: 36%
[18:26:06] [Server thread/INFO]: Preparing spawn area: 40%
[18:26:06] [Server thread/INFO]: Preparing spawn area: 44%
[18:26:06] [Server thread/INFO]: Preparing spawn area: 48%
[18:26:06] [Server thread/INFO]: Preparing spawn area: 52%
[18:26:06] [Server thread/INFO]: Preparing spawn area: 56%
[18:26:06] [Server thread/INFO]: Preparing spawn area: 60%
[18:26:06] [Server thread/INFO]: Preparing spawn area: 64%
[18:26:06] [Server thread/INFO]: Preparing spawn area: 68%
[18:26:06] [Server thread/INFO]: Preparing spawn area: 72%
[18:26:06] [Server thread/INFO]: Preparing spawn area: 76%
[18:26:06] [Server thread/INFO]: Preparing spawn area: 80%
[18:26:06] [Server thread/INFO]: Preparing spawn area: 84%
[18:26:06] [Server thread/INFO]: Preparing spawn area: 88%
[18:26:06] [Server thread/INFO]: Preparing spawn area: 92%
[18:26:06] [Server thread/INFO]: Preparing spawn area: 96%
[18:26:06] [Server thread/INFO]: Preparing spawn area: 100%
[18:26:06] [Server thread/INFO]: Preparing start region for level minecraft:overworld (Seed: 5848435679555029055)
[18:26:06] [Server thread/INFO]: Preparing spawn area: 4%
[18:26:06] [Server thread/INFO]: Preparing spawn area: 8%
[18:26:06] [Server thread/INFO]: Preparing spawn area: 12%
[18:26:06] [Server thread/INFO]: Preparing spawn area: 16%
[18:26:07] [Server thread/INFO]: Preparing spawn area: 20%
[18:26:07] [Server thread/INFO]: Preparing spawn area: 24%
[18:26:07] [Server thread/INFO]: Preparing spawn area: 28%
[18:26:07] [Server thread/INFO]: Preparing spawn area: 32%
[18:26:07] [Server thread/INFO]: Preparing spawn area: 36%
[18:26:07] [Server thread/INFO]: Preparing spawn area: 40%
[18:26:07] [Server thread/INFO]: Preparing spawn area: 44%
[18:26:07] [Server thread/INFO]: Preparing spawn area: 48%
[18:26:07] [Server thread/INFO]: Preparing spawn area: 52%
[18:26:07] [Server thread/INFO]: Preparing spawn area: 56%
[18:26:07] [Server thread/INFO]: Preparing spawn area: 60%
[18:26:07] [Server thread/INFO]: Preparing spawn area: 64%
[18:26:07] [Server thread/INFO]: Preparing spawn area: 68%
[18:26:07] [Server thread/INFO]: Preparing spawn area: 72%
[18:26:07] [Server thread/INFO]: Preparing spawn area: 76%
[18:26:07] [Server thread/INFO]: Preparing spawn area: 80%
[18:26:07] [Server thread/INFO]: Preparing spawn area: 84%
[18:26:07] [Server thread/INFO]: Preparing spawn area: 88%
[18:26:07] [Server thread/INFO]: Preparing spawn area: 92%
[18:26:07] [Server thread/INFO]: Preparing spawn area: 96%
[18:26:07] [Server thread/INFO]: Preparing spawn area: 100%
[18:26:07] [Server thread/INFO]: Preparing start region for level minecraft:the_nether (Seed: 5848435679555029055)
[18:26:07] [Server thread/INFO]: Preparing spawn area: 4%
[18:26:07] [Server thread/INFO]: Preparing spawn area: 8%
[18:26:07] [Server thread/INFO]: Preparing spawn area: 12%
[18:26:07] [Server thread/INFO]: Preparing spawn area: 16%
[18:26:07] [Server thread/INFO]: Preparing spawn area: 20%
[18:26:07] [Server thread/INFO]: Preparing spawn area: 24%
[18:26:07] [Server thread/INFO]: Preparing spawn area: 28%
[18:26:07] [Server thread/INFO]: Preparing spawn area: 32%
[18:26:08] [Server thread/INFO]: Preparing spawn area: 36%
[18:26:08] [Server thread/INFO]: Preparing spawn area: 40%
[18:26:08] [Server thread/INFO]: Preparing spawn area: 44%
[18:26:08] [Server thread/INFO]: Preparing spawn area: 48%
[18:26:08] [Server thread/INFO]: Preparing spawn area: 52%
[18:26:08] [Server thread/INFO]: Preparing spawn area: 56%
[18:26:08] [Server thread/INFO]: Preparing spawn area: 60%
[18:26:08] [Server thread/INFO]: Preparing spawn area: 64%
[18:26:08] [Server thread/INFO]: Preparing spawn area: 68%
[18:26:08] [Server thread/INFO]: Preparing spawn area: 72%
[18:26:08] [Server thread/INFO]: Preparing spawn area: 76%
[18:26:08] [Server thread/INFO]: Preparing spawn area: 80%
[18:26:08] [Server thread/INFO]: Preparing spawn area: 84%
[18:26:08] [Server thread/INFO]: Preparing spawn area: 88%
[18:26:08] [Server thread/INFO]: Preparing spawn area: 92%
[18:26:08] [Server thread/INFO]: Preparing spawn area: 96%
[18:26:08] [Server thread/INFO]: Preparing spawn area: 100%
[18:26:08] [Server thread/INFO]: Time elapsed: 2310 ms
[18:26:08] [Server thread/INFO]: [M-Cube] Enabling M-Cube v1.0.0-a1.0
[18:26:08] [Server thread/INFO]: Server permissions file permissions.yml is empty, ignoring it
[18:26:08] [Server thread/INFO]: Done (4.862s)! For help, type "help"
[19:07:53] [Server thread/INFO]:   [0;31;22m[21m[5m|||[m [0;31;1mArrêt du serveur dans 5 secondes [0;31;22m[21m[5m|||[m
[19:07:54] [Server thread/INFO]:   [0;31;22m[21m[5m|||[m [0;31;1mArrêt du serveur dans 4 secondes [0;31;22m[21m[5m|||[m
[19:07:55] [Server thread/INFO]:   [0;31;22m[21m[5m|||[m [0;31;1mArrêt du serveur dans 3 secondes [0;31;22m[21m[5m|||[m
[19:07:56] [Server thread/INFO]:   [0;31;22m[21m[5m|||[m [0;31;1mArrêt du serveur dans 2 secondes [0;31;22m[21m[5m|||[m
[19:07:57] [Server thread/INFO]:   [0;31;22m[21m[5m|||[m [0;31;1mArrêt du serveur dans 1 secondes [0;31;22m[21m[5m|||[m
[19:07:58] [Server thread/INFO]:   [0;31;22m[21m[5m|||[m [0;31;1mArrêt du serveur [0;31;22m[21m[5m|||[m
[19:07:59] [Server thread/INFO]: Stopping server
[19:07:59] [Server thread/INFO]: [M-Cube] Disabling M-Cube v1.0.0-a1.0
[19:07:59] [Server thread/INFO]: Saving players
[19:07:59] [Server thread/INFO]: Saving worlds
[19:07:59] [Server thread/INFO]: Saving chunks for level 'world_the_end'/minecraft:the_end
[19:07:59] [Server thread/INFO]: Saving chunks for level 'world'/minecraft:overworld
[19:07:59] [Server thread/INFO]: Saving chunks for level 'world_nether'/minecraft:the_nether
